<?xml version="1.0" encoding="UTF-8"?>
<!-- Generated by org.testng.reporters.JUnitXMLReporter -->
<testsuite ignored="2" hostname="LAPTOP-H519OSTH" failures="0" tests="7" name="Test" time="0.058" errors="0" timestamp="2023-03-22T17:03:04 BDT">
  <testcase classname="drivers.BaseDriver" name="@BeforeSuite start" time="2.667">
    <failure type="org.openqa.selenium.remote.http.ConnectionFailedException" message="Unable to establish websocket connection to http://localhost:60392/devtools/browser/6862cbb1-5809-446e-b5f0-0306f9fb12d0
Build info: version: &amp;apos;4.8.1&amp;apos;, revision: &amp;apos;8ebccac989&amp;apos;
System info: os.name: &amp;apos;Windows 10&amp;apos;, os.arch: &amp;apos;amd64&amp;apos;, os.version: &amp;apos;10.0&amp;apos;, java.version: &amp;apos;17.0.4&amp;apos;
Driver info: driver.version: BaseDriver">
      <![CDATA[org.openqa.selenium.remote.http.ConnectionFailedException: Unable to establish websocket connection to http://localhost:60392/devtools/browser/6862cbb1-5809-446e-b5f0-0306f9fb12d0
Build info: version: '4.8.1', revision: '8ebccac989'
System info: os.name: 'Windows 10', os.arch: 'amd64', os.version: '10.0', java.version: '17.0.4'
Driver info: driver.version: BaseDriver
at org.openqa.selenium.remote.http.netty.NettyWebSocket.<init>(NettyWebSocket.java:102)
at org.openqa.selenium.remote.http.netty.NettyWebSocket.lambda$create$3(NettyWebSocket.java:128)
at org.openqa.selenium.remote.http.netty.NettyClient.openSocket(NettyClient.java:107)
at org.openqa.selenium.devtools.Connection.<init>(Connection.java:78)
at org.openqa.selenium.chromium.ChromiumDriver.lambda$new$2(ChromiumDriver.java:116)
at java.base/java.util.Optional.map(Optional.java:260)
at org.openqa.selenium.chromium.ChromiumDriver.<init>(ChromiumDriver.java:114)
at org.openqa.selenium.chrome.ChromeDriver.<init>(ChromeDriver.java:82)
at org.openqa.selenium.chrome.ChromeDriver.<init>(ChromeDriver.java:50)
at drivers.BaseDriver.start(BaseDriver.java:24)
... Removed 19 stack frames]]>
    </failure>
  </testcase> <!-- @BeforeSuite start -->
  <testcase classname="tests.OrderBook" name="@BeforeClass openUrl" time="0.0">
    <skipped/>
  </testcase> <!-- @BeforeClass openUrl -->
  <testcase classname="tests.OrderBook" name="@AfterClass afterClass" time="0.0">
    <skipped/>
  </testcase> <!-- @AfterClass afterClass -->
  <testcase classname="tests.ProvideInformation" name="@BeforeClass openUrl" time="0.0">
    <skipped/>
  </testcase> <!-- @BeforeClass openUrl -->
  <testcase classname="tests.ProvideInformation" name="@AfterClass afterClass" time="0.0">
    <skipped/>
  </testcase> <!-- @AfterClass afterClass -->
  <testcase classname="tests.OrderBook" name="clickLekhok" time="0.0">
    <skipped/>
  </testcase> <!-- clickLekhok -->
  <testcase classname="tests.OrderBook" name="goToNextPage" time="0.001">
    <skipped/>
  </testcase> <!-- goToNextPage -->
  <testcase classname="tests.OrderBook" name="clickAuthor" time="0.0">
    <skipped/>
  </testcase> <!-- clickAuthor -->
  <testcase classname="tests.OrderBook" name="clickBook" time="0.0">
    <skipped/>
  </testcase> <!-- clickBook -->
  <testcase classname="tests.OrderBook" name="clickCompleteOrder" time="0.0">
    <skipped/>
  </testcase> <!-- clickCompleteOrder -->
  <testcase classname="tests.OrderBook" name="clicktoCheckOut" time="0.0">
    <skipped/>
  </testcase> <!-- clicktoCheckOut -->
  <testcase classname="tests.ProvideInformation" name="provideInfo" time="0.0">
    <skipped/>
  </testcase> <!-- provideInfo -->
  <testcase classname="drivers.BaseDriver" name="@BeforeSuite start" time="0.0">
    <ignored/>
  </testcase> <!-- @BeforeSuite start -->
  <testcase classname="drivers.BaseDriver" name="@AfterSuite close" time="0.0">
    <ignored/>
  </testcase> <!-- @AfterSuite close -->
</testsuite> <!-- Test -->
